
Dec 20, 2021 16:46:57.767 NEW SESSION
Dec 20, 2021 16:46:57.767 [10976:7796:1220/164657.765:ERROR:chrome_browser_main_extra_parts_metrics.cc(226)] crbug.com/1216328: Checking Bluetooth availability started. Please report if there is no report that this ends.
Dec 20, 2021 16:46:57.783 [10976:7796:1220/164657.783:ERROR:chrome_browser_main_extra_parts_metrics.cc(229)] crbug.com/1216328: Checking Bluetooth availability ended.
Dec 20, 2021 16:46:57.784 [10976:7796:1220/164657.783:ERROR:chrome_browser_main_extra_parts_metrics.cc(232)] crbug.com/1216328: Checking default browser status started. Please report if there is no report that this ends.
Dec 20, 2021 16:46:57.786 [10976:7796:1220/164657.786:ERROR:chrome_browser_main_extra_parts_metrics.cc(236)] crbug.com/1216328: Checking default browser status ended.
Dec 20, 2021 16:46:57.812 [10976:1236:1220/164657.812:ERROR:device_event_log_impl.cc(214)] [16:46:57.812] Bluetooth: bluetooth_adapter_winrt.cc:1075 Getting Default Adapter failed.
Dec 20, 2021 16:46:57.875 [10976:1236:1220/164657.875:ERROR:device_event_log_impl.cc(214)] [16:46:57.874] USB: usb_device_handle_win.cc:1048 Failed to read descriptor from node connection: A device attached to the system is not functioning. (0x1F)
Dec 20, 2021 16:46:57.980 [10976:9548:1220/164657.980:ERROR:connection_factory_impl.cc(425)] Failed to connect to MCS endpoint with error -106
Dec 20, 2021 16:47:21.928 [10976:9548:1220/164721.927:ERROR:connection_factory_impl.cc(425)] Failed to connect to MCS endpoint with error -106
Dec 20, 2021 16:47:27.414 [10976:1236:1220/164727.414:ERROR:account_info_fetcher.cc(62)] OnGetTokenFailure: Connection failed (-106).
Dec 20, 2021 16:47:27.782 [10976:1236:1220/164727.782:ERROR:account_info_fetcher.cc(62)] OnGetTokenFailure: Connection failed (-106).
Dec 20, 2021 16:48:19.470 [10976:9548:1220/164819.470:ERROR:connection_factory_impl.cc(425)] Failed to connect to MCS endpoint with error -106
Dec 20, 2021 16:48:39.832 [10976:9548:1220/164839.832:ERROR:connection_factory_impl.cc(425)] Failed to connect to MCS endpoint with error -106
Dec 20, 2021 16:52:29.890 [10976:9548:1220/165229.889:ERROR:connection_factory_impl.cc(425)] Failed to connect to MCS endpoint with error -106
Dec 20, 2021 16:54:35.956 [10976:9548:1220/165435.956:ERROR:connection_factory_impl.cc(425)] Failed to connect to MCS endpoint with error -106
Dec 20, 2021 17:42:08.339 [10976:9548:1220/174208.339:ERROR:connection_factory_impl.cc(425)] Failed to connect to MCS endpoint with error -106
Dec 20, 2021 17:42:30.480 [10976:9548:1220/174230.479:ERROR:connection_factory_impl.cc(425)] Failed to connect to MCS endpoint with error -106
Dec 20, 2021 17:43:21.818 [10976:9548:1220/174321.817:ERROR:connection_factory_impl.cc(425)] Failed to connect to MCS endpoint with error -106
Dec 20, 2021 17:44:50.246 [10976:9548:1220/174450.245:ERROR:connection_factory_impl.cc(425)] Failed to connect to MCS endpoint with error -106
Dec 20, 2021 17:46:34.710 [10976:9548:1220/174634.710:ERROR:connection_factory_impl.cc(425)] Failed to connect to MCS endpoint with error -331
Dec 20, 2021 17:51:02.85 [10976:9548:1220/175102.085:ERROR:connection_factory_impl.cc(425)] Failed to connect to MCS endpoint with error -106
Dec 20, 2021 17:51:09.529 [10976:9548:1220/175109.529:ERROR:connection_factory_impl.cc(425)] Failed to connect to MCS endpoint with error -105
Dec 20, 2021 17:51:22.392 [10976:1236:1220/175122.391:ERROR:device_event_log_impl.cc(214)] [17:51:22.194] USB: usb_service_win.cc:261 Failed to get device driver name: Element not found. (0x490)
Dec 20, 2021 17:53:11.342 [10976:9548:1220/175311.341:ERROR:connection_factory_impl.cc(425)] Failed to connect to MCS endpoint with error -106
Dec 20, 2021 17:54:02.411 [10976:9548:1220/175402.410:ERROR:connection_factory_impl.cc(425)] Failed to connect to MCS endpoint with error -106
Dec 20, 2021 17:54:22.953 [10976:9548:1220/175422.953:ERROR:connection_factory_impl.cc(425)] Failed to connect to MCS endpoint with error -106
Dec 20, 2021 17:55:04.844 [10976:9548:1220/175504.844:ERROR:connection_factory_impl.cc(425)] Failed to connect to MCS endpoint with error -105
Dec 20, 2021 18:17:42.926 [10976:9548:1220/181742.924:ERROR:connection_factory_impl.cc(425)] Failed to connect to MCS endpoint with error -103
Dec 20, 2021 18:17:44.983 [10976:9548:1220/181744.983:ERROR:connection_factory_impl.cc(425)] Failed to connect to MCS endpoint with error -106
Dec 20, 2021 18:18:52.875 [10976:9548:1220/181852.874:ERROR:connection_factory_impl.cc(425)] Failed to connect to MCS endpoint with error -106
Dec 20, 2021 18:19:19.671 [10976:9548:1220/181919.671:ERROR:connection_factory_impl.cc(425)] Failed to connect to MCS endpoint with error -106
Dec 20, 2021 18:20:04.46 [10976:9548:1220/182004.046:ERROR:connection_factory_impl.cc(425)] Failed to connect to MCS endpoint with error -106
Dec 20, 2021 18:25:12.950 [10976:9548:1220/182512.950:ERROR:connection_factory_impl.cc(425)] Failed to connect to MCS endpoint with error -105

Dec 20, 2021 19:45:34.897 NEW SESSION
Dec 20, 2021 19:45:34.898 [1140:9812:1220/194534.895:ERROR:chrome_browser_main_extra_parts_metrics.cc(226)] crbug.com/1216328: Checking Bluetooth availability started. Please report if there is no report that this ends.
Dec 20, 2021 19:45:34.899 [1140:9812:1220/194534.895:ERROR:chrome_browser_main_extra_parts_metrics.cc(229)] crbug.com/1216328: Checking Bluetooth availability ended.
Dec 20, 2021 19:45:34.899 [1140:9812:1220/194534.895:ERROR:chrome_browser_main_extra_parts_metrics.cc(232)] crbug.com/1216328: Checking default browser status started. Please report if there is no report that this ends.
Dec 20, 2021 19:45:34.901 [1140:9812:1220/194534.900:ERROR:chrome_browser_main_extra_parts_metrics.cc(236)] crbug.com/1216328: Checking default browser status ended.
Dec 20, 2021 19:45:34.923 [1140:6400:1220/194534.923:ERROR:device_event_log_impl.cc(214)] [19:45:34.923] Bluetooth: bluetooth_adapter_winrt.cc:1075 Getting Default Adapter failed.
Dec 20, 2021 19:45:35.02 [1140:6400:1220/194535.002:ERROR:device_event_log_impl.cc(214)] [19:45:35.002] USB: usb_device_handle_win.cc:1048 Failed to read descriptor from node connection: A device attached to the system is not functioning. (0x1F)
Dec 20, 2021 20:15:59.44 [1140:8248:1220/201559.044:ERROR:connection_factory_impl.cc(425)] Failed to connect to MCS endpoint with error -105
Dec 20, 2021 20:32:35.548 [1140:8248:1220/203235.548:ERROR:connection_factory_impl.cc(425)] Failed to connect to MCS endpoint with error -106
Dec 20, 2021 20:32:58.315 [1140:8248:1220/203258.314:ERROR:connection_factory_impl.cc(425)] Failed to connect to MCS endpoint with error -106
Dec 20, 2021 20:33:51.757 [1140:8248:1220/203351.757:ERROR:connection_factory_impl.cc(425)] Failed to connect to MCS endpoint with error -105
Dec 20, 2021 20:34:02.769 [1140:8248:1220/203402.768:ERROR:connection_factory_impl.cc(425)] Failed to connect to MCS endpoint with error -105
Dec 20, 2021 20:34:19.228 [1140:8248:1220/203419.228:ERROR:connection_factory_impl.cc(425)] Failed to connect to MCS endpoint with error -105
Dec 20, 2021 20:34:30.800 [1140:8248:1220/203430.799:ERROR:connection_factory_impl.cc(425)] Failed to connect to MCS endpoint with error -105
Dec 20, 2021 20:34:54.441 [1140:8248:1220/203454.441:ERROR:connection_factory_impl.cc(425)] Failed to connect to MCS endpoint with error -106

Dec 21, 2021 13:57:28.648 NEW SESSION
Dec 21, 2021 13:57:28.649 [6732:3976:1221/135728.645:ERROR:chrome_browser_main_extra_parts_metrics.cc(226)] crbug.com/1216328: Checking Bluetooth availability started. Please report if there is no report that this ends.
Dec 21, 2021 13:57:28.689 [6732:3976:1221/135728.689:ERROR:chrome_browser_main_extra_parts_metrics.cc(229)] crbug.com/1216328: Checking Bluetooth availability ended.
Dec 21, 2021 13:57:28.728 [6732:640:1221/135728.717:ERROR:device_event_log_impl.cc(214)] [13:57:28.718] Bluetooth: bluetooth_adapter_winrt.cc:1075 Getting Default Adapter failed.
Dec 21, 2021 13:57:28.728 [6732:3976:1221/135728.727:ERROR:chrome_browser_main_extra_parts_metrics.cc(232)] crbug.com/1216328: Checking default browser status started. Please report if there is no report that this ends.
Dec 21, 2021 13:57:28.730 [6732:3976:1221/135728.730:ERROR:chrome_browser_main_extra_parts_metrics.cc(236)] crbug.com/1216328: Checking default browser status ended.
Dec 21, 2021 13:57:28.751 [6732:640:1221/135728.751:ERROR:device_event_log_impl.cc(214)] [13:57:28.751] USB: usb_device_handle_win.cc:1048 Failed to read descriptor from node connection: A device attached to the system is not functioning. (0x1F)
Dec 21, 2021 14:09:36.672 [6732:640:1221/140936.671:ERROR:device_event_log_impl.cc(214)] [14:09:36.672] USB: usb_service_win.cc:261 Failed to get device driver name: Element not found. (0x490)
Dec 21, 2021 14:09:38.331 [6732:2792:1221/140938.331:ERROR:connection_factory_impl.cc(425)] Failed to connect to MCS endpoint with error -106
Dec 21, 2021 14:09:38.824 [6732:2792:1221/140938.824:ERROR:connection_factory_impl.cc(425)] Failed to connect to MCS endpoint with error -106
Dec 21, 2021 14:10:23.870 [6732:2792:1221/141023.870:ERROR:connection_factory_impl.cc(425)] Failed to connect to MCS endpoint with error -106
Dec 21, 2021 14:12:17.514 [6732:2792:1221/141217.514:ERROR:connection_factory_impl.cc(425)] Failed to connect to MCS endpoint with error -106
Dec 21, 2021 14:18:10.323 [6732:2792:1221/141810.323:ERROR:connection_factory_impl.cc(425)] Failed to connect to MCS endpoint with error -106
Dec 21, 2021 14:18:33.479 [6732:2792:1221/141833.478:ERROR:connection_factory_impl.cc(425)] Failed to connect to MCS endpoint with error -106
Dec 21, 2021 14:19:17.494 [6732:2792:1221/141917.493:ERROR:connection_factory_impl.cc(425)] Failed to connect to MCS endpoint with error -106
Dec 21, 2021 14:21:02.922 [6732:2792:1221/142102.921:ERROR:connection_factory_impl.cc(425)] Failed to connect to MCS endpoint with error -7
Dec 21, 2021 14:22:06.682 [6732:2792:1221/142206.682:ERROR:connection_factory_impl.cc(425)] Failed to connect to MCS endpoint with error -105
Dec 21, 2021 14:22:08.709 [6732:2792:1221/142208.709:ERROR:connection_factory_impl.cc(425)] Failed to connect to MCS endpoint with error -106
Dec 21, 2021 14:32:08.720 [6732:2792:1221/143208.720:ERROR:connection_factory_impl.cc(425)] Failed to connect to MCS endpoint with error -106
Dec 21, 2021 14:37:56.591 [6732:2792:1221/143756.590:ERROR:connection_factory_impl.cc(425)] Failed to connect to MCS endpoint with error -105
Dec 21, 2021 14:38:00.18 [6732:2792:1221/143800.018:ERROR:connection_factory_impl.cc(425)] Failed to connect to MCS endpoint with error -106
Dec 21, 2021 14:40:08.509 [6732:2792:1221/144008.509:ERROR:connection_factory_impl.cc(425)] Failed to connect to MCS endpoint with error -105
Dec 21, 2021 14:40:14.336 [6732:2792:1221/144014.336:ERROR:connection_factory_impl.cc(425)] Failed to connect to MCS endpoint with error -105
Dec 21, 2021 14:40:21.826 [6732:2792:1221/144021.825:ERROR:connection_factory_impl.cc(425)] Failed to connect to MCS endpoint with error -106
Dec 21, 2021 14:50:21.830 [6732:2792:1221/145021.830:ERROR:connection_factory_impl.cc(425)] Failed to connect to MCS endpoint with error -106
Dec 21, 2021 14:54:59.623 [6732:2792:1221/145459.622:ERROR:connection_factory_impl.cc(425)] Failed to connect to MCS endpoint with error -106
Dec 21, 2021 14:59:19.867 [6732:2792:1221/145919.867:ERROR:connection_factory_impl.cc(425)] Failed to connect to MCS endpoint with error -105
Dec 21, 2021 14:59:21.888 [6732:2792:1221/145921.888:ERROR:connection_factory_impl.cc(425)] Failed to connect to MCS endpoint with error -106
Dec 21, 2021 15:00:36.108 [6732:2792:1221/150036.108:ERROR:connection_factory_impl.cc(425)] Failed to connect to MCS endpoint with error -105
Dec 21, 2021 15:00:38.119 [6732:2792:1221/150038.118:ERROR:connection_factory_impl.cc(425)] Failed to connect to MCS endpoint with error -106
Dec 21, 2021 15:01:52.127 [6732:2792:1221/150152.127:ERROR:connection_factory_impl.cc(425)] Failed to connect to MCS endpoint with error -105
Dec 21, 2021 15:01:54.148 [6732:2792:1221/150154.147:ERROR:connection_factory_impl.cc(425)] Failed to connect to MCS endpoint with error -106
Dec 21, 2021 15:03:08.465 [6732:2792:1221/150308.464:ERROR:connection_factory_impl.cc(425)] Failed to connect to MCS endpoint with error -105
Dec 21, 2021 15:03:10.485 [6732:2792:1221/150310.485:ERROR:connection_factory_impl.cc(425)] Failed to connect to MCS endpoint with error -106
Dec 21, 2021 15:04:24.169 [6732:2792:1221/150424.169:ERROR:connection_factory_impl.cc(425)] Failed to connect to MCS endpoint with error -105
Dec 21, 2021 15:04:26.191 [6732:2792:1221/150426.190:ERROR:connection_factory_impl.cc(425)] Failed to connect to MCS endpoint with error -106
Dec 21, 2021 15:31:49.704 [6732:2792:1221/153149.699:ERROR:connection_factory_impl.cc(425)] Failed to connect to MCS endpoint with error -106
Dec 21, 2021 15:31:54.270 [6732:2792:1221/153154.269:ERROR:connection_factory_impl.cc(425)] Failed to connect to MCS endpoint with error -105
Dec 21, 2021 16:19:03.173 [6732:2792:1221/161903.171:ERROR:connection_factory_impl.cc(425)] Failed to connect to MCS endpoint with error -7
Dec 21, 2021 16:19:05.604 [6732:2792:1221/161905.604:ERROR:connection_factory_impl.cc(425)] Failed to connect to MCS endpoint with error -106
Dec 21, 2021 16:19:27.833 [6732:2792:1221/161927.832:ERROR:connection_factory_impl.cc(425)] Failed to connect to MCS endpoint with error -105
Dec 21, 2021 16:19:42.121 [6732:2792:1221/161942.121:ERROR:connection_factory_impl.cc(425)] Failed to connect to MCS endpoint with error -106
Dec 21, 2021 16:24:28.491 [6732:2792:1221/162428.490:ERROR:connection_factory_impl.cc(425)] Failed to connect to MCS endpoint with error -105
Dec 21, 2021 16:24:30.511 [6732:2792:1221/162430.511:ERROR:connection_factory_impl.cc(425)] Failed to connect to MCS endpoint with error -106
Dec 21, 2021 16:25:12.667 [6732:2792:1221/162512.667:ERROR:connection_factory_impl.cc(425)] Failed to connect to MCS endpoint with error -106
Dec 21, 2021 16:45:20.313 [6320:9300:1221/164520.288:ERROR:chrome_browser_main_extra_parts_metrics.cc(226)] crbug.com/1216328: Checking Bluetooth availability started. Please report if there is no report that this ends.
Dec 21, 2021 16:45:20.315 [6320:9300:1221/164520.315:ERROR:chrome_browser_main_extra_parts_metrics.cc(229)] crbug.com/1216328: Checking Bluetooth availability ended.
Dec 21, 2021 16:45:20.316 [6320:9300:1221/164520.316:ERROR:chrome_browser_main_extra_parts_metrics.cc(232)] crbug.com/1216328: Checking default browser status started. Please report if there is no report that this ends.
Dec 21, 2021 16:45:20.321 [6320:9300:1221/164520.321:ERROR:chrome_browser_main_extra_parts_metrics.cc(236)] crbug.com/1216328: Checking default browser status ended.
Dec 21, 2021 16:45:20.342 [6320:10680:1221/164520.342:ERROR:device_event_log_impl.cc(214)] [16:45:20.342] Bluetooth: bluetooth_adapter_winrt.cc:1075 Getting Default Adapter failed.
Dec 21, 2021 16:45:20.399 [6320:10680:1221/164520.398:ERROR:device_event_log_impl.cc(214)] [16:45:20.398] USB: usb_device_handle_win.cc:1048 Failed to read descriptor from node connection: A device attached to the system is not functioning. (0x1F)
Dec 21, 2021 16:54:54.72 [6320:4560:1221/165454.071:ERROR:mcs_client.cc(755)] Received close command, resetting connection.
Dec 21, 2021 17:05:47.144 [6320:4560:1221/170547.143:ERROR:connection_factory_impl.cc(425)] Failed to connect to MCS endpoint with error -106
Dec 21, 2021 17:06:08.839 [6320:4560:1221/170608.838:ERROR:connection_factory_impl.cc(425)] Failed to connect to MCS endpoint with error -106
Dec 21, 2021 17:06:59.277 [6320:4560:1221/170659.276:ERROR:connection_factory_impl.cc(425)] Failed to connect to MCS endpoint with error -105
Dec 21, 2021 17:07:39.84 [6320:4560:1221/170739.083:ERROR:connection_factory_impl.cc(425)] Failed to connect to MCS endpoint with error -7
Dec 21, 2021 17:09:58.21 [6320:4560:1221/170958.021:ERROR:connection_factory_impl.cc(425)] Failed to connect to MCS endpoint with error -106
Dec 21, 2021 17:11:16.559 [6320:4560:1221/171116.558:ERROR:connection_factory_impl.cc(425)] Failed to connect to MCS endpoint with error -103
Dec 21, 2021 17:11:17.81 [6320:10680:1221/171117.080:ERROR:device_event_log_impl.cc(214)] [17:11:17.080] USB: usb_service_win.cc:261 Failed to get device driver name: Element not found. (0x490)
Dec 21, 2021 17:11:18.619 [6320:4560:1221/171118.619:ERROR:connection_factory_impl.cc(425)] Failed to connect to MCS endpoint with error -106
Dec 21, 2021 17:24:49.763 [6320:4560:1221/172449.763:ERROR:connection_factory_impl.cc(425)] Failed to connect to MCS endpoint with error -106
Dec 21, 2021 17:26:54.330 [6320:4560:1221/172654.329:ERROR:connection_factory_impl.cc(425)] Failed to connect to MCS endpoint with error -105
Dec 21, 2021 17:26:57.777 [6320:4560:1221/172657.776:ERROR:connection_factory_impl.cc(425)] Failed to connect to MCS endpoint with error -106
Dec 21, 2021 17:27:48.835 [6320:4560:1221/172748.835:ERROR:connection_factory_impl.cc(425)] Failed to connect to MCS endpoint with error -106
Dec 21, 2021 17:28:15.877 [6320:4560:1221/172815.876:ERROR:connection_factory_impl.cc(425)] Failed to connect to MCS endpoint with error -105
Dec 21, 2021 17:28:21.731 [6320:4560:1221/172821.731:ERROR:connection_factory_impl.cc(425)] Failed to connect to MCS endpoint with error -105
Dec 21, 2021 17:28:23.743 [6320:4560:1221/172823.742:ERROR:connection_factory_impl.cc(425)] Failed to connect to MCS endpoint with error -106
Dec 21, 2021 17:29:09.231 [6320:4560:1221/172909.230:ERROR:connection_factory_impl.cc(425)] Failed to connect to MCS endpoint with error -106
Dec 21, 2021 17:29:36.998 [6320:4560:1221/172936.998:ERROR:connection_factory_impl.cc(425)] Failed to connect to MCS endpoint with error -106
Dec 21, 2021 17:30:36.104 [6320:4560:1221/173036.103:ERROR:connection_factory_impl.cc(425)] Failed to connect to MCS endpoint with error -106
Dec 21, 2021 17:31:57.272 [6320:4560:1221/173157.272:ERROR:connection_factory_impl.cc(425)] Failed to connect to MCS endpoint with error -106
Dec 21, 2021 17:34:50.821 [6320:4560:1221/173450.821:ERROR:connection_factory_impl.cc(425)] Failed to connect to MCS endpoint with error -105
Dec 21, 2021 17:34:52.887 [6320:4560:1221/173452.887:ERROR:connection_factory_impl.cc(425)] Failed to connect to MCS endpoint with error -106

Dec 21, 2021 18:23:03.119 NEW SESSION
Dec 21, 2021 18:23:03.119 [11756:11564:1221/182303.116:ERROR:chrome_browser_main_extra_parts_metrics.cc(226)] crbug.com/1216328: Checking Bluetooth availability started. Please report if there is no report that this ends.
Dec 21, 2021 18:23:03.120 [11756:11564:1221/182303.117:ERROR:chrome_browser_main_extra_parts_metrics.cc(229)] crbug.com/1216328: Checking Bluetooth availability ended.
Dec 21, 2021 18:23:03.121 [11756:11564:1221/182303.117:ERROR:chrome_browser_main_extra_parts_metrics.cc(232)] crbug.com/1216328: Checking default browser status started. Please report if there is no report that this ends.
Dec 21, 2021 18:23:03.121 [11756:11564:1221/182303.120:ERROR:chrome_browser_main_extra_parts_metrics.cc(236)] crbug.com/1216328: Checking default browser status ended.
Dec 21, 2021 18:23:03.144 [11756:12172:1221/182303.144:ERROR:device_event_log_impl.cc(214)] [18:23:03.144] Bluetooth: bluetooth_adapter_winrt.cc:1075 Getting Default Adapter failed.
Dec 21, 2021 18:23:03.216 [11756:12172:1221/182303.216:ERROR:device_event_log_impl.cc(214)] [18:23:03.216] USB: usb_device_handle_win.cc:1048 Failed to read descriptor from node connection: A device attached to the system is not functioning. (0x1F)

Dec 21, 2021 18:32:14.398 NEW SESSION
Dec 21, 2021 18:32:14.398 [7096:10544:1221/183214.395:ERROR:chrome_browser_main_extra_parts_metrics.cc(226)] crbug.com/1216328: Checking Bluetooth availability started. Please report if there is no report that this ends.
Dec 21, 2021 18:32:14.408 [7096:10544:1221/183214.407:ERROR:chrome_browser_main_extra_parts_metrics.cc(229)] crbug.com/1216328: Checking Bluetooth availability ended.
Dec 21, 2021 18:32:14.408 [7096:10544:1221/183214.407:ERROR:chrome_browser_main_extra_parts_metrics.cc(232)] crbug.com/1216328: Checking default browser status started. Please report if there is no report that this ends.
Dec 21, 2021 18:32:14.417 [7096:10544:1221/183214.417:ERROR:chrome_browser_main_extra_parts_metrics.cc(236)] crbug.com/1216328: Checking default browser status ended.
Dec 21, 2021 18:32:14.435 [7096:936:1221/183214.434:ERROR:device_event_log_impl.cc(214)] [18:32:14.435] Bluetooth: bluetooth_adapter_winrt.cc:1075 Getting Default Adapter failed.
Dec 21, 2021 18:32:14.502 [7096:936:1221/183214.502:ERROR:device_event_log_impl.cc(214)] [18:32:14.502] USB: usb_device_handle_win.cc:1048 Failed to read descriptor from node connection: A device attached to the system is not functioning. (0x1F)

Dec 21, 2021 21:45:38.31 NEW SESSION
Dec 21, 2021 21:45:38.31 [7808:11240:1221/214538.027:ERROR:chrome_browser_main_extra_parts_metrics.cc(226)] crbug.com/1216328: Checking Bluetooth availability started. Please report if there is no report that this ends.
Dec 21, 2021 21:45:38.43 [7808:11240:1221/214538.043:ERROR:chrome_browser_main_extra_parts_metrics.cc(229)] crbug.com/1216328: Checking Bluetooth availability ended.
Dec 21, 2021 21:45:38.43 [7808:11240:1221/214538.043:ERROR:chrome_browser_main_extra_parts_metrics.cc(232)] crbug.com/1216328: Checking default browser status started. Please report if there is no report that this ends.
Dec 21, 2021 21:45:38.54 [7808:11240:1221/214538.054:ERROR:chrome_browser_main_extra_parts_metrics.cc(236)] crbug.com/1216328: Checking default browser status ended.
Dec 21, 2021 21:45:38.67 [7808:7648:1221/214538.067:ERROR:device_event_log_impl.cc(214)] [21:45:38.067] Bluetooth: bluetooth_adapter_winrt.cc:1075 Getting Default Adapter failed.
Dec 21, 2021 21:45:38.102 [7808:4608:1221/214538.102:ERROR:connection_factory_impl.cc(425)] Failed to connect to MCS endpoint with error -106
Dec 21, 2021 21:45:38.141 [7808:7648:1221/214538.141:ERROR:device_event_log_impl.cc(214)] [21:45:38.141] USB: usb_device_handle_win.cc:1048 Failed to read descriptor from node connection: A device attached to the system is not functioning. (0x1F)
Dec 21, 2021 21:46:03.140 [7808:4608:1221/214603.140:ERROR:connection_factory_impl.cc(425)] Failed to connect to MCS endpoint with error -106
Dec 21, 2021 21:46:56.652 [7808:4608:1221/214656.651:ERROR:connection_factory_impl.cc(425)] Failed to connect to MCS endpoint with error -106
Dec 21, 2021 21:48:26.944 [7808:4608:1221/214826.943:ERROR:connection_factory_impl.cc(425)] Failed to connect to MCS endpoint with error -106
Dec 21, 2021 21:51:13.718 [7808:4608:1221/215113.718:ERROR:connection_factory_impl.cc(425)] Failed to connect to MCS endpoint with error -106
Dec 21, 2021 21:58:59.331 [7808:4608:1221/215859.331:ERROR:connection_factory_impl.cc(425)] Failed to connect to MCS endpoint with error -106
Dec 21, 2021 22:08:59.346 [7808:4608:1221/220859.346:ERROR:connection_factory_impl.cc(425)] Failed to connect to MCS endpoint with error -106
Dec 21, 2021 22:18:59.353 [7808:4608:1221/221859.352:ERROR:connection_factory_impl.cc(425)] Failed to connect to MCS endpoint with error -106
Dec 21, 2021 22:28:59.366 [7808:4608:1221/222859.366:ERROR:connection_factory_impl.cc(425)] Failed to connect to MCS endpoint with error -106
Dec 21, 2021 22:38:59.380 [7808:4608:1221/223859.379:ERROR:connection_factory_impl.cc(425)] Failed to connect to MCS endpoint with error -106
Dec 21, 2021 22:48:59.396 [7808:4608:1221/224859.395:ERROR:connection_factory_impl.cc(425)] Failed to connect to MCS endpoint with error -106
Dec 21, 2021 22:58:59.398 [7808:4608:1221/225859.398:ERROR:connection_factory_impl.cc(425)] Failed to connect to MCS endpoint with error -106
Dec 21, 2021 23:08:59.405 [7808:4608:1221/230859.405:ERROR:connection_factory_impl.cc(425)] Failed to connect to MCS endpoint with error -106
Dec 21, 2021 23:14:45.317 [7248:1524:1221/231445.317:ERROR:chrome_browser_main_extra_parts_metrics.cc(226)] crbug.com/1216328: Checking Bluetooth availability started. Please report if there is no report that this ends.
Dec 21, 2021 23:14:45.317 [7248:1524:1221/231445.317:ERROR:chrome_browser_main_extra_parts_metrics.cc(229)] crbug.com/1216328: Checking Bluetooth availability ended.
Dec 21, 2021 23:14:45.318 [7248:1524:1221/231445.317:ERROR:chrome_browser_main_extra_parts_metrics.cc(232)] crbug.com/1216328: Checking default browser status started. Please report if there is no report that this ends.
Dec 21, 2021 23:14:45.326 [7248:1524:1221/231445.326:ERROR:chrome_browser_main_extra_parts_metrics.cc(236)] crbug.com/1216328: Checking default browser status ended.
Dec 21, 2021 23:14:45.347 [7248:2544:1221/231445.347:ERROR:device_event_log_impl.cc(214)] [23:14:45.347] Bluetooth: bluetooth_adapter_winrt.cc:1075 Getting Default Adapter failed.
Dec 21, 2021 23:14:45.425 [7248:3300:1221/231445.425:ERROR:connection_factory_impl.cc(425)] Failed to connect to MCS endpoint with error -106
Dec 21, 2021 23:14:45.426 [7248:2544:1221/231445.426:ERROR:device_event_log_impl.cc(214)] [23:14:45.426] USB: usb_device_handle_win.cc:1048 Failed to read descriptor from node connection: A device attached to the system is not functioning. (0x1F)
Dec 21, 2021 23:15:07.471 [7248:3300:1221/231507.470:ERROR:connection_factory_impl.cc(425)] Failed to connect to MCS endpoint with error -106
Dec 21, 2021 23:15:59.671 [7248:3300:1221/231559.670:ERROR:connection_factory_impl.cc(425)] Failed to connect to MCS endpoint with error -106
Dec 21, 2021 23:17:22.885 [7248:3300:1221/231722.884:ERROR:connection_factory_impl.cc(425)] Failed to connect to MCS endpoint with error -106
Dec 21, 2021 23:20:56.44 [7248:3300:1221/232056.043:ERROR:connection_factory_impl.cc(425)] Failed to connect to MCS endpoint with error -106
Dec 21, 2021 23:27:50.644 [7248:3300:1221/232750.643:ERROR:connection_factory_impl.cc(425)] Failed to connect to MCS endpoint with error -106
Dec 21, 2021 23:37:50.660 [7248:3300:1221/233750.660:ERROR:connection_factory_impl.cc(425)] Failed to connect to MCS endpoint with error -106
Dec 21, 2021 23:47:50.677 [7248:3300:1221/234750.676:ERROR:connection_factory_impl.cc(425)] Failed to connect to MCS endpoint with error -106
Dec 21, 2021 23:57:50.688 [7248:3300:1221/235750.687:ERROR:connection_factory_impl.cc(425)] Failed to connect to MCS endpoint with error -106
Dec 22, 2021 24:07:50.696 [7248:3300:1222/000750.695:ERROR:connection_factory_impl.cc(425)] Failed to connect to MCS endpoint with error -106
Dec 22, 2021 24:17:50.713 [7248:3300:1222/001750.713:ERROR:connection_factory_impl.cc(425)] Failed to connect to MCS endpoint with error -106
Dec 22, 2021 24:57:25.320 [7248:3300:1222/005725.319:ERROR:connection_factory_impl.cc(425)] Failed to connect to MCS endpoint with error -106
Dec 22, 2021 01:07:25.327 [7248:3300:1222/010725.326:ERROR:connection_factory_impl.cc(425)] Failed to connect to MCS endpoint with error -106
Dec 22, 2021 01:17:25.340 [7248:3300:1222/011725.339:ERROR:connection_factory_impl.cc(425)] Failed to connect to MCS endpoint with error -106
Dec 22, 2021 01:27:25.344 [7248:3300:1222/012725.344:ERROR:connection_factory_impl.cc(425)] Failed to connect to MCS endpoint with error -106
Dec 22, 2021 01:37:25.350 [7248:3300:1222/013725.350:ERROR:connection_factory_impl.cc(425)] Failed to connect to MCS endpoint with error -106

Dec 22, 2021 12:32:54.462 NEW SESSION
Dec 22, 2021 12:32:54.463 [9888:6288:1222/123254.459:ERROR:chrome_browser_main_extra_parts_metrics.cc(226)] crbug.com/1216328: Checking Bluetooth availability started. Please report if there is no report that this ends.
Dec 22, 2021 12:32:54.464 [9888:6288:1222/123254.460:ERROR:chrome_browser_main_extra_parts_metrics.cc(229)] crbug.com/1216328: Checking Bluetooth availability ended.
Dec 22, 2021 12:32:54.464 [9888:6288:1222/123254.460:ERROR:chrome_browser_main_extra_parts_metrics.cc(232)] crbug.com/1216328: Checking default browser status started. Please report if there is no report that this ends.
Dec 22, 2021 12:32:54.465 [9888:6288:1222/123254.463:ERROR:chrome_browser_main_extra_parts_metrics.cc(236)] crbug.com/1216328: Checking default browser status ended.
Dec 22, 2021 12:32:54.491 [9888:12220:1222/123254.490:ERROR:device_event_log_impl.cc(214)] [12:32:54.490] Bluetooth: bluetooth_adapter_winrt.cc:1075 Getting Default Adapter failed.
Dec 22, 2021 12:32:54.527 [9888:10376:1222/123254.527:ERROR:connection_factory_impl.cc(425)] Failed to connect to MCS endpoint with error -106
Dec 22, 2021 12:32:54.565 [9888:12220:1222/123254.564:ERROR:device_event_log_impl.cc(214)] [12:32:54.564] USB: usb_device_handle_win.cc:1048 Failed to read descriptor from node connection: A device attached to the system is not functioning. (0x1F)
Dec 22, 2021 12:33:18.144 [9888:10376:1222/123318.144:ERROR:connection_factory_impl.cc(425)] Failed to connect to MCS endpoint with error -106
Dec 22, 2021 12:34:09.473 [9888:10376:1222/123409.472:ERROR:connection_factory_impl.cc(425)] Failed to connect to MCS endpoint with error -106
Dec 22, 2021 12:35:57.364 [9888:10376:1222/123557.363:ERROR:connection_factory_impl.cc(425)] Failed to connect to MCS endpoint with error -106
Dec 22, 2021 12:39:40.526 [9888:10376:1222/123940.525:ERROR:connection_factory_impl.cc(425)] Failed to connect to MCS endpoint with error -106
Dec 22, 2021 12:45:56.316 [9888:10376:1222/124556.316:ERROR:connection_factory_impl.cc(425)] Failed to connect to MCS endpoint with error -106

Dec 22, 2021 14:39:43.559 NEW SESSION
Dec 22, 2021 14:39:43.559 [1904:11788:1222/143943.543:ERROR:chrome_browser_main_extra_parts_metrics.cc(226)] crbug.com/1216328: Checking Bluetooth availability started. Please report if there is no report that this ends.
Dec 22, 2021 14:39:43.572 [1904:11788:1222/143943.572:ERROR:chrome_browser_main_extra_parts_metrics.cc(229)] crbug.com/1216328: Checking Bluetooth availability ended.
Dec 22, 2021 14:39:43.574 [1904:11788:1222/143943.572:ERROR:chrome_browser_main_extra_parts_metrics.cc(232)] crbug.com/1216328: Checking default browser status started. Please report if there is no report that this ends.
Dec 22, 2021 14:39:43.577 [1904:11788:1222/143943.576:ERROR:chrome_browser_main_extra_parts_metrics.cc(236)] crbug.com/1216328: Checking default browser status ended.
Dec 22, 2021 14:39:43.600 [1904:5764:1222/143943.600:ERROR:device_event_log_impl.cc(214)] [14:39:43.600] Bluetooth: bluetooth_adapter_winrt.cc:1075 Getting Default Adapter failed.
Dec 22, 2021 14:39:43.660 [1904:5764:1222/143943.659:ERROR:device_event_log_impl.cc(214)] [14:39:43.659] USB: usb_device_handle_win.cc:1048 Failed to read descriptor from node connection: A device attached to the system is not functioning. (0x1F)
Dec 22, 2021 14:39:43.683 [1904:8068:1222/143943.683:ERROR:connection_factory_impl.cc(425)] Failed to connect to MCS endpoint with error -106
Dec 22, 2021 14:40:09.138 [1904:8068:1222/144009.137:ERROR:connection_factory_impl.cc(425)] Failed to connect to MCS endpoint with error -106
Dec 22, 2021 14:41:05.669 [1904:8068:1222/144105.669:ERROR:connection_factory_impl.cc(425)] Failed to connect to MCS endpoint with error -106
Dec 22, 2021 14:42:27.157 [1904:8068:1222/144227.157:ERROR:connection_factory_impl.cc(425)] Failed to connect to MCS endpoint with error -106
Dec 22, 2021 14:44:45.79 [1904:8068:1222/144445.079:ERROR:connection_factory_impl.cc(425)] Failed to connect to MCS endpoint with error -105
Dec 22, 2021 14:44:47.97 [1904:8068:1222/144447.096:ERROR:connection_factory_impl.cc(425)] Failed to connect to MCS endpoint with error -106
Dec 22, 2021 14:52:15.769 [1904:8068:1222/145215.768:ERROR:connection_factory_impl.cc(425)] Failed to connect to MCS endpoint with error -105
Dec 22, 2021 14:53:33.734 [1904:7260:1222/145333.733:ERROR:get_updates_processor.cc(260)] PostClientToServerMessage() failed during GetUpdates with error 2
Dec 22, 2021 14:53:34.158 [1904:5764:1222/145334.157:ERROR:device_event_log_impl.cc(214)] [14:53:34.157] USB: usb_service_win.cc:261 Failed to get device driver name: Element not found. (0x490)
Dec 22, 2021 14:53:35.787 [1904:8068:1222/145335.787:ERROR:connection_factory_impl.cc(425)] Failed to connect to MCS endpoint with error -106
Dec 22, 2021 14:54:14.729 [1904:2796:1222/145414.729:ERROR:get_updates_processor.cc(260)] PostClientToServerMessage() failed during GetUpdates with error 2
Dec 22, 2021 14:54:27.759 [1904:2796:1222/145427.759:ERROR:get_updates_processor.cc(260)] PostClientToServerMessage() failed during GetUpdates with error 2
Dec 22, 2021 14:54:30.373 [1904:8068:1222/145430.373:ERROR:connection_factory_impl.cc(425)] Failed to connect to MCS endpoint with error -7
Dec 22, 2021 14:54:34.750 [1904:7260:1222/145434.750:ERROR:get_updates_processor.cc(260)] PostClientToServerMessage() failed during GetUpdates with error 2
Dec 22, 2021 14:54:36.766 [1904:8068:1222/145436.766:ERROR:connection_factory_impl.cc(425)] Failed to connect to MCS endpoint with error -106
Dec 22, 2021 14:54:48.739 [1904:4160:1222/145448.739:ERROR:get_updates_processor.cc(260)] PostClientToServerMessage() failed during GetUpdates with error 2
Dec 22, 2021 14:55:41.796 [1904:8068:1222/145541.796:ERROR:connection_factory_impl.cc(425)] Failed to connect to MCS endpoint with error -105
Dec 22, 2021 14:55:41.800 [1904:2464:1222/145541.799:ERROR:get_updates_processor.cc(260)] PostClientToServerMessage() failed during GetUpdates with error 2
Dec 22, 2021 14:55:56.614 [1904:2464:1222/145556.614:ERROR:get_updates_processor.cc(260)] PostClientToServerMessage() failed during GetUpdates with error 2
Dec 22, 2021 14:56:00.110 [1904:2796:1222/145600.110:ERROR:get_updates_processor.cc(260)] PostClientToServerMessage() failed during GetUpdates with error 2
Dec 22, 2021 14:56:00.640 [1904:8068:1222/145600.640:ERROR:connection_factory_impl.cc(425)] Failed to connect to MCS endpoint with error -105
Dec 22, 2021 14:56:02.652 [1904:8068:1222/145602.652:ERROR:connection_factory_impl.cc(425)] Failed to connect to MCS endpoint with error -106
Dec 22, 2021 14:56:21.721 [1904:8068:1222/145621.720:ERROR:connection_factory_impl.cc(425)] Failed to connect to MCS endpoint with error -105
Dec 22, 2021 14:56:21.722 [1904:4160:1222/145621.721:ERROR:get_updates_processor.cc(260)] PostClientToServerMessage() failed during GetUpdates with error 2
Dec 22, 2021 14:56:23.743 [1904:8068:1222/145623.742:ERROR:connection_factory_impl.cc(425)] Failed to connect to MCS endpoint with error -106
Dec 22, 2021 14:58:43.11 [1904:4160:1222/145843.011:ERROR:get_updates_processor.cc(260)] PostClientToServerMessage() failed during GetUpdates with error 2
Dec 22, 2021 14:58:59.50 [1904:8068:1222/145859.049:ERROR:connection_factory_impl.cc(425)] Failed to connect to MCS endpoint with error -7
Dec 22, 2021 15:33:53.624 [1904:2796:1222/153353.623:ERROR:get_updates_processor.cc(260)] PostClientToServerMessage() failed during GetUpdates with error 2
Dec 22, 2021 17:32:16.371 [1904:1992:1222/173216.370:ERROR:get_updates_processor.cc(260)] PostClientToServerMessage() failed during GetUpdates with error 2

Dec 22, 2021 17:54:57.572 NEW SESSION
Dec 22, 2021 17:54:57.573 [8796:5068:1222/175457.569:ERROR:chrome_browser_main_extra_parts_metrics.cc(226)] crbug.com/1216328: Checking Bluetooth availability started. Please report if there is no report that this ends.
Dec 22, 2021 17:54:57.610 [8796:5068:1222/175457.609:ERROR:chrome_browser_main_extra_parts_metrics.cc(229)] crbug.com/1216328: Checking Bluetooth availability ended.
Dec 22, 2021 17:54:57.610 [8796:5068:1222/175457.610:ERROR:chrome_browser_main_extra_parts_metrics.cc(232)] crbug.com/1216328: Checking default browser status started. Please report if there is no report that this ends.
Dec 22, 2021 17:54:57.620 [8796:5068:1222/175457.620:ERROR:chrome_browser_main_extra_parts_metrics.cc(236)] crbug.com/1216328: Checking default browser status ended.
Dec 22, 2021 17:54:57.639 [8796:1324:1222/175457.638:ERROR:device_event_log_impl.cc(214)] [17:54:57.638] Bluetooth: bluetooth_adapter_winrt.cc:1075 Getting Default Adapter failed.
Dec 22, 2021 17:54:57.673 [8796:1324:1222/175457.673:ERROR:device_event_log_impl.cc(214)] [17:54:57.673] USB: usb_device_handle_win.cc:1048 Failed to read descriptor from node connection: A device attached to the system is not functioning. (0x1F)
Dec 22, 2021 18:36:40.759 [11760:1912:1222/183640.753:ERROR:chrome_browser_main_extra_parts_metrics.cc(226)] crbug.com/1216328: Checking Bluetooth availability started. Please report if there is no report that this ends.
Dec 22, 2021 18:36:40.761 [11760:1912:1222/183640.753:ERROR:chrome_browser_main_extra_parts_metrics.cc(229)] crbug.com/1216328: Checking Bluetooth availability ended.
Dec 22, 2021 18:36:40.761 [11760:1912:1222/183640.753:ERROR:chrome_browser_main_extra_parts_metrics.cc(232)] crbug.com/1216328: Checking default browser status started. Please report if there is no report that this ends.
Dec 22, 2021 18:36:40.761 [11760:1912:1222/183640.754:ERROR:chrome_browser_main_extra_parts_metrics.cc(236)] crbug.com/1216328: Checking default browser status ended.
Dec 22, 2021 18:36:40.786 [11760:6744:1222/183640.785:ERROR:device_event_log_impl.cc(214)] [18:36:40.786] Bluetooth: bluetooth_adapter_winrt.cc:1075 Getting Default Adapter failed.
Dec 22, 2021 18:36:40.864 [11760:6744:1222/183640.864:ERROR:device_event_log_impl.cc(214)] [18:36:40.864] USB: usb_device_handle_win.cc:1048 Failed to read descriptor from node connection: A device attached to the system is not functioning. (0x1F)
Dec 22, 2021 18:36:40.864 [11760:6744:1222/183640.864:ERROR:device_event_log_impl.cc(214)] [18:36:40.864] USB: usb_device_handle_win.cc:1048 Failed to read descriptor from node connection: A device attached to the system is not functioning. (0x1F)

Dec 23, 2021 14:16:39.68 NEW SESSION
Dec 23, 2021 14:16:39.69 [2616:9688:1223/141639.062:ERROR:chrome_browser_main_extra_parts_metrics.cc(226)] crbug.com/1216328: Checking Bluetooth availability started. Please report if there is no report that this ends.
Dec 23, 2021 14:16:39.71 [2616:9688:1223/141639.071:ERROR:chrome_browser_main_extra_parts_metrics.cc(229)] crbug.com/1216328: Checking Bluetooth availability ended.
Dec 23, 2021 14:16:39.88 [2616:9688:1223/141639.087:ERROR:chrome_browser_main_extra_parts_metrics.cc(232)] crbug.com/1216328: Checking default browser status started. Please report if there is no report that this ends.
Dec 23, 2021 14:16:39.90 [2616:9688:1223/141639.090:ERROR:chrome_browser_main_extra_parts_metrics.cc(236)] crbug.com/1216328: Checking default browser status ended.
Dec 23, 2021 14:16:39.100 [2616:11592:1223/141639.100:ERROR:device_event_log_impl.cc(214)] [14:16:39.100] Bluetooth: bluetooth_adapter_winrt.cc:1075 Getting Default Adapter failed.
Dec 23, 2021 14:16:39.180 [2616:11592:1223/141639.179:ERROR:device_event_log_impl.cc(214)] [14:16:39.179] USB: usb_device_handle_win.cc:1048 Failed to read descriptor from node connection: A device attached to the system is not functioning. (0x1F)

Dec 23, 2021 16:38:16.837 NEW SESSION
Dec 23, 2021 16:38:16.837 [5960:5736:1223/163816.831:ERROR:chrome_browser_main_extra_parts_metrics.cc(226)] crbug.com/1216328: Checking Bluetooth availability started. Please report if there is no report that this ends.
Dec 23, 2021 16:38:16.838 [5960:5736:1223/163816.832:ERROR:chrome_browser_main_extra_parts_metrics.cc(229)] crbug.com/1216328: Checking Bluetooth availability ended.
Dec 23, 2021 16:38:16.839 [5960:5736:1223/163816.832:ERROR:chrome_browser_main_extra_parts_metrics.cc(232)] crbug.com/1216328: Checking default browser status started. Please report if there is no report that this ends.
Dec 23, 2021 16:38:16.839 [5960:5736:1223/163816.833:ERROR:chrome_browser_main_extra_parts_metrics.cc(236)] crbug.com/1216328: Checking default browser status ended.
Dec 23, 2021 16:38:16.855 [5960:1860:1223/163816.854:ERROR:device_event_log_impl.cc(214)] [16:38:16.855] Bluetooth: bluetooth_adapter_winrt.cc:1075 Getting Default Adapter failed.
Dec 23, 2021 16:38:16.947 [5960:1860:1223/163816.947:ERROR:device_event_log_impl.cc(214)] [16:38:16.947] USB: usb_device_handle_win.cc:1048 Failed to read descriptor from node connection: A device attached to the system is not functioning. (0x1F)

Dec 25, 2021 16:29:12.701 NEW SESSION
Dec 25, 2021 16:29:12.704 [12144:9856:1225/162912.676:ERROR:chrome_browser_main_extra_parts_metrics.cc(226)] crbug.com/1216328: Checking Bluetooth availability started. Please report if there is no report that this ends.
Dec 25, 2021 16:29:12.707 [12144:9856:1225/162912.678:ERROR:chrome_browser_main_extra_parts_metrics.cc(229)] crbug.com/1216328: Checking Bluetooth availability ended.
Dec 25, 2021 16:29:12.708 [12144:9856:1225/162912.678:ERROR:chrome_browser_main_extra_parts_metrics.cc(232)] crbug.com/1216328: Checking default browser status started. Please report if there is no report that this ends.
Dec 25, 2021 16:29:12.708 [12144:9856:1225/162912.680:ERROR:chrome_browser_main_extra_parts_metrics.cc(236)] crbug.com/1216328: Checking default browser status ended.
Dec 25, 2021 16:29:12.716 [12144:7616:1225/162912.715:ERROR:device_event_log_impl.cc(214)] [16:29:12.716] Bluetooth: bluetooth_adapter_winrt.cc:1075 Getting Default Adapter failed.
Dec 25, 2021 16:29:12.758 [12144:7616:1225/162912.758:ERROR:device_event_log_impl.cc(214)] [16:29:12.758] USB: usb_device_handle_win.cc:1048 Failed to read descriptor from node connection: A device attached to the system is not functioning. (0x1F)
Dec 25, 2021 16:29:12.759 [12144:7616:1225/162912.759:ERROR:device_event_log_impl.cc(214)] [16:29:12.759] USB: usb_device_handle_win.cc:1048 Failed to read descriptor from node connection: A device attached to the system is not functioning. (0x1F)
Dec 25, 2021 16:54:16.859 [12144:7616:1225/165416.858:ERROR:device_event_log_impl.cc(214)] [16:54:16.858] USB: usb_service_win.cc:261 Failed to get device driver name: Element not found. (0x490)

Jan 08, 2022 11:43:57.925 NEW SESSION
Jan 08, 2022 11:43:57.927 [2744:8588:0108/114357.922:ERROR:chrome_browser_main_extra_parts_metrics.cc(226)] crbug.com/1216328: Checking Bluetooth availability started. Please report if there is no report that this ends.
Jan 08, 2022 11:43:57.949 [2744:8588:0108/114357.949:ERROR:chrome_browser_main_extra_parts_metrics.cc(229)] crbug.com/1216328: Checking Bluetooth availability ended.
Jan 08, 2022 11:43:57.950 [2744:8588:0108/114357.949:ERROR:chrome_browser_main_extra_parts_metrics.cc(232)] crbug.com/1216328: Checking default browser status started. Please report if there is no report that this ends.
Jan 08, 2022 11:43:57.958 [2744:8588:0108/114357.957:ERROR:chrome_browser_main_extra_parts_metrics.cc(236)] crbug.com/1216328: Checking default browser status ended.
Jan 08, 2022 11:43:57.972 [2744:1916:0108/114357.971:ERROR:device_event_log_impl.cc(214)] [11:43:57.971] Bluetooth: bluetooth_adapter_winrt.cc:1075 Getting Default Adapter failed.
Jan 08, 2022 11:43:58.07 [2744:9692:0108/114358.007:ERROR:connection_factory_impl.cc(425)] Failed to connect to MCS endpoint with error -106
Jan 08, 2022 11:43:58.08 [2744:9692:0108/114358.007:ERROR:registration_request.cc(247)] Registration URL fetching failed.
Jan 08, 2022 11:43:58.08 [2744:9692:0108/114358.007:ERROR:registration_request.cc(247)] Registration URL fetching failed.
Jan 08, 2022 11:43:58.08 [2744:9692:0108/114358.007:ERROR:registration_request.cc(247)] Registration URL fetching failed.
Jan 08, 2022 11:43:58.29 [2744:1916:0108/114358.029:ERROR:device_event_log_impl.cc(214)] [11:43:58.029] USB: usb_device_handle_win.cc:1048 Failed to read descriptor from node connection: A device attached to the system is not functioning. (0x1F)
Jan 08, 2022 11:44:26.58 [2744:9692:0108/114426.058:ERROR:registration_request.cc(247)] Registration URL fetching failed.
Jan 08, 2022 11:44:26.297 [2744:9692:0108/114426.297:ERROR:registration_request.cc(247)] Registration URL fetching failed.
Jan 08, 2022 11:44:26.297 [2744:9692:0108/114426.297:ERROR:connection_factory_impl.cc(425)] Failed to connect to MCS endpoint with error -106
Jan 08, 2022 11:44:26.541 [2744:1916:0108/114426.541:ERROR:account_info_fetcher.cc(62)] OnGetTokenFailure: Connection failed (-106).
Jan 08, 2022 11:44:26.765 [2744:1916:0108/114426.765:ERROR:account_info_fetcher.cc(62)] OnGetTokenFailure: Connection failed (-106).
Jan 08, 2022 11:44:27.169 [2744:9692:0108/114427.169:ERROR:registration_request.cc(247)] Registration URL fetching failed.
Jan 08, 2022 11:45:08.144 [2744:9692:0108/114508.144:ERROR:registration_request.cc(247)] Registration URL fetching failed.
Jan 08, 2022 11:45:18.317 [2744:9692:0108/114518.316:ERROR:connection_factory_impl.cc(425)] Failed to connect to MCS endpoint with error -106
Jan 08, 2022 11:45:22.782 [2744:9692:0108/114522.782:ERROR:registration_request.cc(247)] Registration URL fetching failed.
Jan 08, 2022 11:45:25.133 [2744:9692:0108/114525.133:ERROR:registration_request.cc(247)] Registration URL fetching failed.
Jan 08, 2022 11:46:46.701 [2744:9692:0108/114646.701:ERROR:connection_factory_impl.cc(425)] Failed to connect to MCS endpoint with error -106
Jan 08, 2022 11:46:56.772 [2744:9692:0108/114656.772:ERROR:registration_request.cc(247)] Registration URL fetching failed.
Jan 08, 2022 11:47:03.781 [2744:9692:0108/114703.781:ERROR:registration_request.cc(247)] Registration URL fetching failed.
Jan 08, 2022 11:47:21.699 [2744:9692:0108/114721.699:ERROR:registration_request.cc(247)] Registration URL fetching failed.
Jan 08, 2022 11:49:29.606 [2744:9692:0108/114929.605:ERROR:connection_factory_impl.cc(425)] Failed to connect to MCS endpoint with error -106
Jan 08, 2022 11:49:50.670 [2744:9692:0108/114950.670:ERROR:registration_request.cc(247)] Registration URL fetching failed.
Jan 08, 2022 11:50:12.452 [2744:9692:0108/115012.452:ERROR:registration_request.cc(247)] Registration URL fetching failed.
Jan 08, 2022 11:50:59.973 [2744:9692:0108/115059.973:ERROR:registration_request.cc(247)] Registration URL fetching failed.
Jan 08, 2022 11:55:55.967 [2744:9692:0108/115555.967:ERROR:registration_request.cc(247)] Registration URL fetching failed.
Jan 08, 2022 11:56:15.546 [2744:9692:0108/115615.546:ERROR:registration_request.cc(247)] Registration URL fetching failed.
Jan 08, 2022 11:56:25.865 [2744:9692:0108/115625.864:ERROR:registration_request.cc(247)] Registration URL fetching failed.
Jan 08, 2022 11:56:42.578 [2744:9692:0108/115642.578:ERROR:connection_factory_impl.cc(425)] Failed to connect to MCS endpoint with error -106
Jan 08, 2022 12:06:42.592 [2744:9692:0108/120642.591:ERROR:connection_factory_impl.cc(425)] Failed to connect to MCS endpoint with error -106
Jan 08, 2022 12:16:42.605 [2744:9692:0108/121642.605:ERROR:connection_factory_impl.cc(425)] Failed to connect to MCS endpoint with error -106
Jan 08, 2022 12:26:42.611 [2744:9692:0108/122642.610:ERROR:connection_factory_impl.cc(425)] Failed to connect to MCS endpoint with error -106

Jan 08, 2022 15:43:26.979 NEW SESSION
Jan 08, 2022 15:43:26.979 [1696:12120:0108/154326.977:ERROR:chrome_browser_main_extra_parts_metrics.cc(226)] crbug.com/1216328: Checking Bluetooth availability started. Please report if there is no report that this ends.
Jan 08, 2022 15:43:26.980 [1696:12120:0108/154326.977:ERROR:chrome_browser_main_extra_parts_metrics.cc(229)] crbug.com/1216328: Checking Bluetooth availability ended.
Jan 08, 2022 15:43:26.981 [1696:12120:0108/154326.977:ERROR:chrome_browser_main_extra_parts_metrics.cc(232)] crbug.com/1216328: Checking default browser status started. Please report if there is no report that this ends.
Jan 08, 2022 15:43:26.981 [1696:12120:0108/154326.979:ERROR:chrome_browser_main_extra_parts_metrics.cc(236)] crbug.com/1216328: Checking default browser status ended.
Jan 08, 2022 15:43:27.01 [1696:11384:0108/154327.001:ERROR:device_event_log_impl.cc(214)] [15:43:27.002] Bluetooth: bluetooth_adapter_winrt.cc:1075 Getting Default Adapter failed.
Jan 08, 2022 15:43:27.60 [1696:7788:0108/154327.059:ERROR:connection_factory_impl.cc(425)] Failed to connect to MCS endpoint with error -106
Jan 08, 2022 15:43:27.60 [1696:7788:0108/154327.060:ERROR:registration_request.cc(247)] Registration URL fetching failed.
Jan 08, 2022 15:43:27.60 [1696:7788:0108/154327.060:ERROR:registration_request.cc(247)] Registration URL fetching failed.
Jan 08, 2022 15:43:27.61 [1696:7788:0108/154327.060:ERROR:registration_request.cc(247)] Registration URL fetching failed.
Jan 08, 2022 15:43:27.64 [1696:11384:0108/154327.064:ERROR:device_event_log_impl.cc(214)] [15:43:27.065] USB: usb_device_handle_win.cc:1048 Failed to read descriptor from node connection: A device attached to the system is not functioning. (0x1F)
Jan 08, 2022 15:43:48.95 [1696:7788:0108/154348.094:ERROR:registration_request.cc(247)] Registration URL fetching failed.
Jan 08, 2022 15:43:54.116 [1696:7788:0108/154354.116:ERROR:registration_request.cc(247)] Registration URL fetching failed.
Jan 08, 2022 15:43:55.553 [1696:7788:0108/154355.553:ERROR:connection_factory_impl.cc(425)] Failed to connect to MCS endpoint with error -106
Jan 08, 2022 15:43:56.914 [1696:7788:0108/154356.914:ERROR:registration_request.cc(247)] Registration URL fetching failed.
Jan 08, 2022 15:44:38.145 [1696:7788:0108/154438.145:ERROR:registration_request.cc(247)] Registration URL fetching failed.
Jan 08, 2022 15:44:44.521 [1696:7788:0108/154444.521:ERROR:connection_factory_impl.cc(425)] Failed to connect to MCS endpoint with error -106
Jan 08, 2022 15:44:48.820 [1696:7788:0108/154448.820:ERROR:registration_request.cc(247)] Registration URL fetching failed.
Jan 08, 2022 15:44:52.129 [1696:7788:0108/154452.129:ERROR:registration_request.cc(247)] Registration URL fetching failed.
Jan 08, 2022 15:46:03.184 [1696:7788:0108/154603.184:ERROR:registration_request.cc(247)] Registration URL fetching failed.
Jan 08, 2022 15:46:32.883 [1696:7788:0108/154632.882:ERROR:connection_factory_impl.cc(425)] Failed to connect to MCS endpoint with error -106
Jan 08, 2022 15:46:41.968 [1696:7788:0108/154641.968:ERROR:registration_request.cc(247)] Registration URL fetching failed.
Jan 08, 2022 15:46:49.362 [1696:7788:0108/154649.362:ERROR:registration_request.cc(247)] Registration URL fetching failed.
Jan 08, 2022 15:47:29.916 [1696:11384:0108/154729.916:ERROR:device_event_log_impl.cc(214)] [15:47:29.916] USB: usb_service_win.cc:261 Failed to get device driver name: Element not found. (0x490)
Jan 08, 2022 15:49:26.437 [1696:7788:0108/154926.436:ERROR:connection_factory_impl.cc(425)] Failed to connect to MCS endpoint with error -106
Jan 08, 2022 15:49:36.279 [1696:7788:0108/154936.279:ERROR:registration_request.cc(247)] Registration URL fetching failed.
Jan 08, 2022 15:49:52.216 [1696:7788:0108/154952.216:ERROR:registration_request.cc(247)] Registration URL fetching failed.
Jan 08, 2022 15:50:13.877 [1696:7788:0108/155013.877:ERROR:registration_request.cc(247)] Registration URL fetching failed.
Jan 08, 2022 15:56:30.38 [1696:7788:0108/155630.038:ERROR:registration_request.cc(247)] Registration URL fetching failed.
Jan 08, 2022 15:56:30.589 [1696:7788:0108/155630.588:ERROR:registration_request.cc(247)] Registration URL fetching failed.
Jan 08, 2022 15:56:32.693 [1696:7788:0108/155632.692:ERROR:connection_factory_impl.cc(425)] Failed to connect to MCS endpoint with error -106
Jan 08, 2022 15:57:30.970 [1696:7788:0108/155730.970:ERROR:registration_request.cc(247)] Registration URL fetching failed.
Jan 08, 2022 16:06:32.706 [1696:7788:0108/160632.706:ERROR:connection_factory_impl.cc(425)] Failed to connect to MCS endpoint with error -106
Jan 08, 2022 16:16:32.711 [1696:7788:0108/161632.711:ERROR:connection_factory_impl.cc(425)] Failed to connect to MCS endpoint with error -106
Jan 08, 2022 16:26:32.735 [1696:7788:0108/162632.734:ERROR:connection_factory_impl.cc(425)] Failed to connect to MCS endpoint with error -106
Jan 08, 2022 16:36:32.739 [1696:7788:0108/163632.739:ERROR:connection_factory_impl.cc(425)] Failed to connect to MCS endpoint with error -106
Jan 08, 2022 16:46:32.752 [1696:7788:0108/164632.751:ERROR:connection_factory_impl.cc(425)] Failed to connect to MCS endpoint with error -106
Jan 08, 2022 16:49:07.985 [1696:7788:0108/164907.985:ERROR:connection_factory_impl.cc(425)] Failed to connect to MCS endpoint with error -105
Jan 08, 2022 16:49:33.909 [1696:7788:0108/164933.909:ERROR:connection_factory_impl.cc(425)] Failed to connect to MCS endpoint with error -106
Jan 08, 2022 16:55:44.157 [1696:7788:0108/165544.157:ERROR:connection_factory_impl.cc(425)] Failed to connect to MCS endpoint with error -106
Jan 08, 2022 16:55:48.277 [1696:7788:0108/165548.277:ERROR:connection_factory_impl.cc(425)] Failed to connect to MCS endpoint with error -105
Jan 08, 2022 16:55:57.873 [1696:7788:0108/165557.873:ERROR:connection_factory_impl.cc(425)] Failed to connect to MCS endpoint with error -105
Jan 08, 2022 16:56:05.181 [1696:7788:0108/165605.181:ERROR:connection_factory_impl.cc(425)] Failed to connect to MCS endpoint with error -106
Jan 08, 2022 16:59:01.825 [1696:7788:0108/165901.825:ERROR:connection_factory_impl.cc(425)] Failed to connect to MCS endpoint with error -106
Jan 08, 2022 17:01:14.326 [1696:7788:0108/170114.326:ERROR:connection_factory_impl.cc(425)] Failed to connect to MCS endpoint with error -106
Jan 08, 2022 17:01:19.351 [1696:7788:0108/170119.351:ERROR:connection_factory_impl.cc(425)] Failed to connect to MCS endpoint with error -105
Jan 08, 2022 17:01:31.344 [1696:7788:0108/170131.343:ERROR:connection_factory_impl.cc(425)] Failed to connect to MCS endpoint with error -105
Jan 08, 2022 17:01:34.590 [1696:7788:0108/170134.590:ERROR:connection_factory_impl.cc(425)] Failed to connect to MCS endpoint with error -106
Jan 08, 2022 17:02:37.310 [1696:7788:0108/170237.309:ERROR:connection_factory_impl.cc(425)] Failed to connect to MCS endpoint with error -105
Jan 08, 2022 17:03:30.572 [1696:7788:0108/170330.572:ERROR:connection_factory_impl.cc(425)] Failed to connect to MCS endpoint with error -106
Jan 08, 2022 17:07:03.454 [1696:7788:0108/170703.454:ERROR:connection_factory_impl.cc(425)] Failed to connect to MCS endpoint with error -106
Jan 08, 2022 17:07:32.622 [1696:7788:0108/170732.621:ERROR:connection_factory_impl.cc(425)] Failed to connect to MCS endpoint with error -106

Jan 09, 2022 23:28:44.287 NEW SESSION
Jan 09, 2022 23:28:44.287 [6252:11704:0109/232844.257:ERROR:chrome_browser_main_extra_parts_metrics.cc(226)] crbug.com/1216328: Checking Bluetooth availability started. Please report if there is no report that this ends.
Jan 09, 2022 23:28:44.288 [6252:11704:0109/232844.285:ERROR:chrome_browser_main_extra_parts_metrics.cc(229)] crbug.com/1216328: Checking Bluetooth availability ended.
Jan 09, 2022 23:28:44.289 [6252:11704:0109/232844.285:ERROR:chrome_browser_main_extra_parts_metrics.cc(232)] crbug.com/1216328: Checking default browser status started. Please report if there is no report that this ends.
Jan 09, 2022 23:28:44.291 [6252:11704:0109/232844.291:ERROR:chrome_browser_main_extra_parts_metrics.cc(236)] crbug.com/1216328: Checking default browser status ended.
Jan 09, 2022 23:28:44.315 [6252:8084:0109/232844.314:ERROR:device_event_log_impl.cc(214)] [23:28:44.314] Bluetooth: bluetooth_adapter_winrt.cc:1075 Getting Default Adapter failed.
Jan 09, 2022 23:28:44.372 [6252:8084:0109/232844.371:ERROR:device_event_log_impl.cc(214)] [23:28:44.371] USB: usb_device_handle_win.cc:1048 Failed to read descriptor from node connection: A device attached to the system is not functioning. (0x1F)
Jan 09, 2022 23:28:44.438 [6252:6836:0109/232844.438:ERROR:connection_factory_impl.cc(425)] Failed to connect to MCS endpoint with error -106
Jan 09, 2022 23:28:44.439 [6252:6836:0109/232844.438:ERROR:registration_request.cc(247)] Registration URL fetching failed.
Jan 09, 2022 23:28:44.440 [6252:6836:0109/232844.440:ERROR:registration_request.cc(247)] Registration URL fetching failed.
Jan 09, 2022 23:28:44.440 [6252:6836:0109/232844.440:ERROR:registration_request.cc(247)] Registration URL fetching failed.
Jan 09, 2022 23:29:06.142 [6252:6836:0109/232906.142:ERROR:registration_request.cc(247)] Registration URL fetching failed.
Jan 09, 2022 23:29:11.908 [6252:6836:0109/232911.908:ERROR:connection_factory_impl.cc(425)] Failed to connect to MCS endpoint with error -106
Jan 09, 2022 23:29:13.817 [6252:8084:0109/232913.816:ERROR:account_info_fetcher.cc(62)] OnGetTokenFailure: Connection failed (-106).
Jan 09, 2022 23:29:13.935 [6252:8084:0109/232913.935:ERROR:account_info_fetcher.cc(62)] OnGetTokenFailure: Connection failed (-106).
Jan 09, 2022 23:29:14.256 [6252:6836:0109/232914.255:ERROR:registration_request.cc(247)] Registration URL fetching failed.
Jan 09, 2022 23:29:14.439 [6252:6836:0109/232914.439:ERROR:registration_request.cc(247)] Registration URL fetching failed.
Jan 09, 2022 23:31:24.907 [7724:8324:0109/233124.907:ERROR:chrome_browser_main_extra_parts_metrics.cc(226)] crbug.com/1216328: Checking Bluetooth availability started. Please report if there is no report that this ends.
Jan 09, 2022 23:31:24.934 [7724:8324:0109/233124.934:ERROR:chrome_browser_main_extra_parts_metrics.cc(229)] crbug.com/1216328: Checking Bluetooth availability ended.
Jan 09, 2022 23:31:24.935 [7724:8324:0109/233124.934:ERROR:chrome_browser_main_extra_parts_metrics.cc(232)] crbug.com/1216328: Checking default browser status started. Please report if there is no report that this ends.
Jan 09, 2022 23:31:24.945 [7724:8324:0109/233124.944:ERROR:chrome_browser_main_extra_parts_metrics.cc(236)] crbug.com/1216328: Checking default browser status ended.
Jan 09, 2022 23:31:24.959 [7724:8524:0109/233124.959:ERROR:device_event_log_impl.cc(214)] [23:31:24.959] Bluetooth: bluetooth_adapter_winrt.cc:1075 Getting Default Adapter failed.
Jan 09, 2022 23:31:25.17 [7724:8524:0109/233125.016:ERROR:device_event_log_impl.cc(214)] [23:31:25.017] USB: usb_device_handle_win.cc:1048 Failed to read descriptor from node connection: A device attached to the system is not functioning. (0x1F)
Jan 09, 2022 23:31:25.44 [7724:588:0109/233125.043:ERROR:connection_factory_impl.cc(425)] Failed to connect to MCS endpoint with error -106
Jan 09, 2022 23:31:25.47 [7724:588:0109/233125.046:ERROR:registration_request.cc(247)] Registration URL fetching failed.
Jan 09, 2022 23:31:25.47 [7724:588:0109/233125.047:ERROR:registration_request.cc(247)] Registration URL fetching failed.
Jan 09, 2022 23:31:25.47 [7724:588:0109/233125.047:ERROR:registration_request.cc(247)] Registration URL fetching failed.
Jan 09, 2022 23:31:53.247 [7724:588:0109/233153.247:ERROR:connection_factory_impl.cc(425)] Failed to connect to MCS endpoint with error -106
Jan 09, 2022 23:31:53.288 [7724:588:0109/233153.288:ERROR:registration_request.cc(247)] Registration URL fetching failed.
Jan 09, 2022 23:31:54.549 [7724:588:0109/233154.548:ERROR:registration_request.cc(247)] Registration URL fetching failed.
Jan 09, 2022 23:31:54.836 [7724:588:0109/233154.836:ERROR:registration_request.cc(247)] Registration URL fetching failed.
Jan 09, 2022 23:32:36.362 [7724:588:0109/233236.362:ERROR:registration_request.cc(247)] Registration URL fetching failed.
Jan 09, 2022 23:32:39.666 [7724:588:0109/233239.666:ERROR:registration_request.cc(247)] Registration URL fetching failed.
Jan 09, 2022 23:32:41.778 [7724:588:0109/233241.778:ERROR:registration_request.cc(247)] Registration URL fetching failed.
Jan 09, 2022 23:32:43.377 [7724:588:0109/233243.377:ERROR:connection_factory_impl.cc(425)] Failed to connect to MCS endpoint with error -106
Jan 09, 2022 23:34:07.06 [7724:588:0109/233407.005:ERROR:registration_request.cc(247)] Registration URL fetching failed.
Jan 09, 2022 23:34:09.689 [7724:588:0109/233409.647:ERROR:registration_request.cc(247)] Registration URL fetching failed.
Jan 09, 2022 23:34:26.929 [7724:588:0109/233426.929:ERROR:registration_request.cc(247)] Registration URL fetching failed.
Jan 09, 2022 23:34:28.980 [7724:588:0109/233428.979:ERROR:connection_factory_impl.cc(425)] Failed to connect to MCS endpoint with error -106
Jan 09, 2022 23:37:17.278 [7724:588:0109/233717.277:ERROR:registration_request.cc(247)] Registration URL fetching failed.
Jan 09, 2022 23:37:49.600 [7724:588:0109/233749.599:ERROR:registration_request.cc(247)] Registration URL fetching failed.
Jan 09, 2022 23:38:21.293 [7724:588:0109/233821.292:ERROR:registration_request.cc(247)] Registration URL fetching failed.
Jan 09, 2022 23:38:27.142 [7724:588:0109/233827.141:ERROR:connection_factory_impl.cc(425)] Failed to connect to MCS endpoint with error -106
Jan 09, 2022 23:44:26.786 [7724:588:0109/234426.786:ERROR:registration_request.cc(247)] Registration URL fetching failed.
Jan 09, 2022 23:44:56.573 [7724:588:0109/234456.573:ERROR:registration_request.cc(247)] Registration URL fetching failed.
Jan 09, 2022 23:44:59.969 [7724:588:0109/234459.968:ERROR:connection_factory_impl.cc(425)] Failed to connect to MCS endpoint with error -106
Jan 09, 2022 23:45:42.128 [7724:588:0109/234542.128:ERROR:registration_request.cc(247)] Registration URL fetching failed.
Jan 09, 2022 23:54:59.985 [7724:588:0109/235459.984:ERROR:connection_factory_impl.cc(425)] Failed to connect to MCS endpoint with error -106
Jan 10, 2022 24:04:59.982 [7724:588:0110/000459.982:ERROR:connection_factory_impl.cc(425)] Failed to connect to MCS endpoint with error -106
Jan 10, 2022 24:14:59.999 [7724:588:0110/001459.999:ERROR:connection_factory_impl.cc(425)] Failed to connect to MCS endpoint with error -106
Jan 10, 2022 24:33:08.276 [7724:588:0110/003308.276:ERROR:connection_factory_impl.cc(425)] Failed to connect to MCS endpoint with error -106
Jan 10, 2022 24:43:08.280 [7724:588:0110/004308.280:ERROR:connection_factory_impl.cc(425)] Failed to connect to MCS endpoint with error -106
Jan 10, 2022 24:53:08.292 [7724:588:0110/005308.292:ERROR:connection_factory_impl.cc(425)] Failed to connect to MCS endpoint with error -106
Jan 10, 2022 01:03:08.311 [7724:588:0110/010308.310:ERROR:connection_factory_impl.cc(425)] Failed to connect to MCS endpoint with error -106
Jan 10, 2022 01:13:08.328 [7724:588:0110/011308.328:ERROR:connection_factory_impl.cc(425)] Failed to connect to MCS endpoint with error -106
Jan 10, 2022 01:23:08.336 [7724:588:0110/012308.335:ERROR:connection_factory_impl.cc(425)] Failed to connect to MCS endpoint with error -106
Jan 10, 2022 01:33:08.356 [7724:588:0110/013308.356:ERROR:connection_factory_impl.cc(425)] Failed to connect to MCS endpoint with error -106
Jan 10, 2022 11:26:25.947 [7724:588:0110/112625.946:ERROR:connection_factory_impl.cc(425)] Failed to connect to MCS endpoint with error -106
Jan 10, 2022 11:36:25.961 [7724:588:0110/113625.960:ERROR:connection_factory_impl.cc(425)] Failed to connect to MCS endpoint with error -106
Jan 10, 2022 11:46:25.978 [7724:588:0110/114625.977:ERROR:connection_factory_impl.cc(425)] Failed to connect to MCS endpoint with error -106
Jan 10, 2022 11:56:25.985 [7724:588:0110/115625.984:ERROR:connection_factory_impl.cc(425)] Failed to connect to MCS endpoint with error -106
Jan 10, 2022 12:06:26.02 [7724:588:0110/120626.001:ERROR:connection_factory_impl.cc(425)] Failed to connect to MCS endpoint with error -106
Jan 10, 2022 12:16:26.17 [7724:588:0110/121626.016:ERROR:connection_factory_impl.cc(425)] Failed to connect to MCS endpoint with error -106
Jan 10, 2022 12:26:26.24 [7724:588:0110/122626.023:ERROR:connection_factory_impl.cc(425)] Failed to connect to MCS endpoint with error -106
Jan 10, 2022 12:36:26.37 [7724:588:0110/123626.036:ERROR:connection_factory_impl.cc(425)] Failed to connect to MCS endpoint with error -106
Jan 10, 2022 12:46:26.44 [7724:588:0110/124626.044:ERROR:connection_factory_impl.cc(425)] Failed to connect to MCS endpoint with error -106
Jan 10, 2022 12:56:26.51 [7724:588:0110/125626.050:ERROR:connection_factory_impl.cc(425)] Failed to connect to MCS endpoint with error -106
Jan 10, 2022 13:06:26.67 [7724:588:0110/130626.067:ERROR:connection_factory_impl.cc(425)] Failed to connect to MCS endpoint with error -106
Jan 10, 2022 13:16:26.83 [7724:588:0110/131626.083:ERROR:connection_factory_impl.cc(425)] Failed to connect to MCS endpoint with error -106
Jan 10, 2022 13:26:26.99 [7724:588:0110/132626.099:ERROR:connection_factory_impl.cc(425)] Failed to connect to MCS endpoint with error -106
Jan 10, 2022 13:36:26.102 [7724:588:0110/133626.101:ERROR:connection_factory_impl.cc(425)] Failed to connect to MCS endpoint with error -106
Jan 10, 2022 13:46:26.107 [7724:588:0110/134626.106:ERROR:connection_factory_impl.cc(425)] Failed to connect to MCS endpoint with error -106
Jan 10, 2022 13:56:26.118 [7724:588:0110/135626.118:ERROR:connection_factory_impl.cc(425)] Failed to connect to MCS endpoint with error -106
Jan 10, 2022 14:06:26.130 [7724:588:0110/140626.130:ERROR:connection_factory_impl.cc(425)] Failed to connect to MCS endpoint with error -106
Jan 10, 2022 14:16:26.133 [7724:588:0110/141626.132:ERROR:connection_factory_impl.cc(425)] Failed to connect to MCS endpoint with error -106
Jan 10, 2022 14:26:26.141 [7724:588:0110/142626.141:ERROR:connection_factory_impl.cc(425)] Failed to connect to MCS endpoint with error -106
Jan 10, 2022 14:36:26.153 [7724:588:0110/143626.152:ERROR:connection_factory_impl.cc(425)] Failed to connect to MCS endpoint with error -106
Jan 10, 2022 14:46:26.156 [7724:588:0110/144626.155:ERROR:connection_factory_impl.cc(425)] Failed to connect to MCS endpoint with error -106
Jan 10, 2022 16:01:26.956 [7724:8524:0110/160126.953:ERROR:device_event_log_impl.cc(214)] [16:01:26.953] USB: usb_service_win.cc:261 Failed to get device driver name: Element not found. (0x490)
Jan 10, 2022 16:01:28.468 [7724:588:0110/160128.468:ERROR:connection_factory_impl.cc(425)] Failed to connect to MCS endpoint with error -106
Jan 10, 2022 16:01:48.912 [7724:588:0110/160148.911:ERROR:connection_factory_impl.cc(425)] Failed to connect to MCS endpoint with error -106
Jan 10, 2022 16:02:48.538 [7724:588:0110/160248.537:ERROR:connection_factory_impl.cc(425)] Failed to connect to MCS endpoint with error -106
Jan 10, 2022 16:04:09.312 [7724:588:0110/160409.311:ERROR:connection_factory_impl.cc(425)] Failed to connect to MCS endpoint with error -106
Jan 10, 2022 16:08:02.882 [7724:588:0110/160802.882:ERROR:connection_factory_impl.cc(425)] Failed to connect to MCS endpoint with error -106
Jan 10, 2022 16:14:54.28 [7724:588:0110/161454.028:ERROR:connection_factory_impl.cc(425)] Failed to connect to MCS endpoint with error -106
Jan 10, 2022 16:24:54.34 [7724:588:0110/162454.034:ERROR:connection_factory_impl.cc(425)] Failed to connect to MCS endpoint with error -106
